<?xml version="1.0" encoding="UTF-8"?>
<!-- Generated by org.testng.reporters.JUnitReportReporter -->
<testsuite hostname="LAPTOP-4NGN59UM" failures="0" tests="4" name="com.SeleniumDemoProject.Test.TestClass" time="34.852" errors="0" timestamp="2020-08-20T14:37:56 IST" skipped="2">
  <testcase classname="com.SeleniumDemoProject.Test.TestClass" name="newUserRegistrationInApp" time="21.331"/>
  <system-out>
New user needs to be registered on the site - Click on the Sign in link Clicked on the Sign In link present on the Home Page The authentication page appears after clicking on Sign In link Entered email address for creating an account for new user Create an Account button is clicked The authentication create an account page for new user appears after clicking on 'Create An Account' button  </system-out>
  <testcase classname="com.SeleniumDemoProject.Test.TestClass" name="launchApp" time="13.521"/>
  <system-out>
'My Store' e-commerce site application URL is opened/launched  </system-out>
  <testcase classname="com.SeleniumDemoProject.Test.TestClass" name="searchAProduct">
    <skipped/>
  </testcase> <!-- searchAProduct -->
  <system-out/>
  <testcase classname="com.SeleniumDemoProject.Test.TestClass" name="timeToLoadHomePage">
    <skipped/>
  </testcase> <!-- timeToLoadHomePage -->
  <system-out/>
</testsuite> <!-- com.SeleniumDemoProject.Test.TestClass -->
