<?xml version="1.0" encoding="UTF-8"?>
<!-- Generated by org.testng.reporters.JUnitReportReporter -->
<testsuite hostname="LAPTOP-4NGN59UM" failures="0" tests="4" name="com.SeleniumDemoProject.Test.TestClass" time="35.208" errors="0" timestamp="2020-08-20T14:36:24 IST" skipped="2">
  <testcase classname="com.SeleniumDemoProject.Test.TestClass" name="newUserRegistrationInApp" time="21.045"/>
  <testcase classname="com.SeleniumDemoProject.Test.TestClass" name="launchApp" time="14.163"/>
  <testcase classname="com.SeleniumDemoProject.Test.TestClass" name="searchAProduct">
    <skipped/>
  </testcase> <!-- searchAProduct -->
  <testcase classname="com.SeleniumDemoProject.Test.TestClass" name="timeToLoadHomePage">
    <skipped/>
  </testcase> <!-- timeToLoadHomePage -->
</testsuite> <!-- com.SeleniumDemoProject.Test.TestClass -->
